<?xml version="1.0" encoding="UTF-8" ?>
<testsuite failures="0" time="0.014" errors="0" skipped="0" tests="1" name="com.wzllr.days.AppTest">
  <properties>
    <property name="java.runtime.name" value="Java(TM) SE Runtime Environment"/>
    <property name="sun.boot.library.path" value="/Library/Java/JavaVirtualMachines/jdk1.7.0_09.jdk/Contents/Home/jre/lib"/>
    <property name="java.vm.version" value="23.5-b02"/>
    <property name="gopherProxySet" value="false"/>
    <property name="java.vm.vendor" value="Oracle Corporation"/>
    <property name="java.vendor.url" value="http://java.oracle.com/"/>
    <property name="path.separator" value=":"/>
    <property name="java.vm.name" value="Java HotSpot(TM) 64-Bit Server VM"/>
    <property name="file.encoding.pkg" value="sun.io"/>
    <property name="user.country" value="US"/>
    <property name="sun.java.launcher" value="SUN_STANDARD"/>
    <property name="sun.os.patch.level" value="unknown"/>
    <property name="java.vm.specification.name" value="Java Virtual Machine Specification"/>
    <property name="user.dir" value="/Users/whitney/src/days"/>
    <property name="java.runtime.version" value="1.7.0_09-b05"/>
    <property name="java.awt.graphicsenv" value="sun.awt.CGraphicsEnvironment"/>
    <property name="basedir" value="/Users/whitney/src/days"/>
    <property name="java.endorsed.dirs" value="/Library/Java/JavaVirtualMachines/jdk1.7.0_09.jdk/Contents/Home/jre/lib/endorsed"/>
    <property name="os.arch" value="x86_64"/>
    <property name="surefire.real.class.path" value="/Users/whitney/src/days/target/surefire/surefirebooter4653037211110238481.jar"/>
    <property name="java.io.tmpdir" value="/var/folders/w2/t02xt_l5287cywnk1jp9sh340000gn/T/"/>
    <property name="line.separator" value="
"/>
    <property name="java.vm.specification.vendor" value="Oracle Corporation"/>
    <property name="os.name" value="Mac OS X"/>
    <property name="sun.jnu.encoding" value="UTF-8"/>
    <property name="java.library.path" value="/Users/whitney/Library/Java/Extensions:/Library/Java/Extensions:/Network/Library/Java/Extensions:/System/Library/Java/Extensions:/usr/lib/java:."/>
    <property name="surefire.test.class.path" value="/Users/whitney/src/days/target/test-classes:/Users/whitney/src/days/target/classes:/Users/whitney/.m2/repository/junit/junit/3.8.1/junit-3.8.1.jar:/Users/whitney/.m2/repository/com/yammer/dropwizard/dropwizard-core/0.6.1/dropwizard-core-0.6.1.jar:/Users/whitney/.m2/repository/com/sun/jersey/jersey-core/1.15/jersey-core-1.15.jar:/Users/whitney/.m2/repository/com/sun/jersey/jersey-server/1.15/jersey-server-1.15.jar:/Users/whitney/.m2/repository/asm/asm/3.1/asm-3.1.jar:/Users/whitney/.m2/repository/com/sun/jersey/jersey-servlet/1.15/jersey-servlet-1.15.jar:/Users/whitney/.m2/repository/com/yammer/metrics/metrics-core/2.2.0/metrics-core-2.2.0.jar:/Users/whitney/.m2/repository/com/yammer/metrics/metrics-servlet/2.2.0/metrics-servlet-2.2.0.jar:/Users/whitney/.m2/repository/com/yammer/metrics/metrics-jetty/2.2.0/metrics-jetty-2.2.0.jar:/Users/whitney/.m2/repository/com/yammer/metrics/metrics-logback/2.2.0/metrics-logback-2.2.0.jar:/Users/whitney/.m2/repository/com/yammer/metrics/metrics-jersey/2.2.0/metrics-jersey-2.2.0.jar:/Users/whitney/.m2/repository/com/yammer/metrics/metrics-annotation/2.2.0/metrics-annotation-2.2.0.jar:/Users/whitney/.m2/repository/com/fasterxml/jackson/core/jackson-databind/2.1.1/jackson-databind-2.1.1.jar:/Users/whitney/.m2/repository/com/fasterxml/jackson/core/jackson-annotations/2.1.1/jackson-annotations-2.1.1.jar:/Users/whitney/.m2/repository/com/fasterxml/jackson/core/jackson-core/2.1.1/jackson-core-2.1.1.jar:/Users/whitney/.m2/repository/com/fasterxml/jackson/jaxrs/jackson-jaxrs-json-provider/2.1.1/jackson-jaxrs-json-provider-2.1.1.jar:/Users/whitney/.m2/repository/com/fasterxml/jackson/module/jackson-module-jaxb-annotations/2.1.1/jackson-module-jaxb-annotations-2.1.1.jar:/Users/whitney/.m2/repository/com/fasterxml/jackson/dataformat/jackson-dataformat-yaml/2.1.1/jackson-dataformat-yaml-2.1.1.jar:/Users/whitney/.m2/repository/com/fasterxml/jackson/datatype/jackson-datatype-guava/2.1.1/jackson-datatype-guava-2.1.1.jar:/Users/whitney/.m2/repository/net/sourceforge/argparse4j/argparse4j/0.2.2/argparse4j-0.2.2.jar:/Users/whitney/.m2/repository/org/slf4j/slf4j-api/1.7.2/slf4j-api-1.7.2.jar:/Users/whitney/.m2/repository/org/slf4j/jul-to-slf4j/1.7.2/jul-to-slf4j-1.7.2.jar:/Users/whitney/.m2/repository/ch/qos/logback/logback-core/1.0.7/logback-core-1.0.7.jar:/Users/whitney/.m2/repository/ch/qos/logback/logback-classic/1.0.7/logback-classic-1.0.7.jar:/Users/whitney/.m2/repository/org/slf4j/log4j-over-slf4j/1.7.2/log4j-over-slf4j-1.7.2.jar:/Users/whitney/.m2/repository/org/eclipse/jetty/jetty-server/8.1.8.v20121106/jetty-server-8.1.8.v20121106.jar:/Users/whitney/.m2/repository/org/eclipse/jetty/orbit/javax.servlet/3.0.0.v201112011016/javax.servlet-3.0.0.v201112011016.jar:/Users/whitney/.m2/repository/org/eclipse/jetty/jetty-continuation/8.1.8.v20121106/jetty-continuation-8.1.8.v20121106.jar:/Users/whitney/.m2/repository/org/eclipse/jetty/jetty-servlet/8.1.8.v20121106/jetty-servlet-8.1.8.v20121106.jar:/Users/whitney/.m2/repository/org/eclipse/jetty/jetty-security/8.1.8.v20121106/jetty-security-8.1.8.v20121106.jar:/Users/whitney/.m2/repository/org/eclipse/jetty/jetty-http/8.1.8.v20121106/jetty-http-8.1.8.v20121106.jar:/Users/whitney/.m2/repository/org/eclipse/jetty/jetty-io/8.1.8.v20121106/jetty-io-8.1.8.v20121106.jar:/Users/whitney/.m2/repository/org/eclipse/jetty/jetty-util/8.1.8.v20121106/jetty-util-8.1.8.v20121106.jar:/Users/whitney/.m2/repository/com/google/guava/guava/13.0.1/guava-13.0.1.jar:/Users/whitney/.m2/repository/com/google/code/findbugs/jsr305/2.0.1/jsr305-2.0.1.jar:/Users/whitney/.m2/repository/org/hibernate/hibernate-validator/4.3.0.Final/hibernate-validator-4.3.0.Final.jar:/Users/whitney/.m2/repository/javax/validation/validation-api/1.0.0.GA/validation-api-1.0.0.GA.jar:/Users/whitney/.m2/repository/org/jboss/logging/jboss-logging/3.1.0.CR2/jboss-logging-3.1.0.CR2.jar:/Users/whitney/.m2/repository/joda-time/joda-time/2.1/joda-time-2.1.jar:/Users/whitney/.m2/repository/com/fasterxml/jackson/datatype/jackson-datatype-joda/2.1.1/jackson-datatype-joda-2.1.1.jar:/Users/whitney/.m2/repository/org/mongodb/mongo-java-driver/2.9.1/mongo-java-driver-2.9.1.jar:"/>
    <property name="java.specification.name" value="Java Platform API Specification"/>
    <property name="java.class.version" value="51.0"/>
    <property name="sun.management.compiler" value="HotSpot 64-Bit Tiered Compilers"/>
    <property name="os.version" value="10.8.1"/>
    <property name="http.nonProxyHosts" value="local|*.local|169.254/16|*.169.254/16"/>
    <property name="user.home" value="/Users/whitney"/>
    <property name="user.timezone" value=""/>
    <property name="java.awt.printerjob" value="sun.lwawt.macosx.CPrinterJob"/>
    <property name="java.specification.version" value="1.7"/>
    <property name="file.encoding" value="UTF-8"/>
    <property name="user.name" value="whitney"/>
    <property name="java.class.path" value="/Users/whitney/src/days/target/test-classes:/Users/whitney/src/days/target/classes:/Users/whitney/.m2/repository/junit/junit/3.8.1/junit-3.8.1.jar:/Users/whitney/.m2/repository/com/yammer/dropwizard/dropwizard-core/0.6.1/dropwizard-core-0.6.1.jar:/Users/whitney/.m2/repository/com/sun/jersey/jersey-core/1.15/jersey-core-1.15.jar:/Users/whitney/.m2/repository/com/sun/jersey/jersey-server/1.15/jersey-server-1.15.jar:/Users/whitney/.m2/repository/asm/asm/3.1/asm-3.1.jar:/Users/whitney/.m2/repository/com/sun/jersey/jersey-servlet/1.15/jersey-servlet-1.15.jar:/Users/whitney/.m2/repository/com/yammer/metrics/metrics-core/2.2.0/metrics-core-2.2.0.jar:/Users/whitney/.m2/repository/com/yammer/metrics/metrics-servlet/2.2.0/metrics-servlet-2.2.0.jar:/Users/whitney/.m2/repository/com/yammer/metrics/metrics-jetty/2.2.0/metrics-jetty-2.2.0.jar:/Users/whitney/.m2/repository/com/yammer/metrics/metrics-logback/2.2.0/metrics-logback-2.2.0.jar:/Users/whitney/.m2/repository/com/yammer/metrics/metrics-jersey/2.2.0/metrics-jersey-2.2.0.jar:/Users/whitney/.m2/repository/com/yammer/metrics/metrics-annotation/2.2.0/metrics-annotation-2.2.0.jar:/Users/whitney/.m2/repository/com/fasterxml/jackson/core/jackson-databind/2.1.1/jackson-databind-2.1.1.jar:/Users/whitney/.m2/repository/com/fasterxml/jackson/core/jackson-annotations/2.1.1/jackson-annotations-2.1.1.jar:/Users/whitney/.m2/repository/com/fasterxml/jackson/core/jackson-core/2.1.1/jackson-core-2.1.1.jar:/Users/whitney/.m2/repository/com/fasterxml/jackson/jaxrs/jackson-jaxrs-json-provider/2.1.1/jackson-jaxrs-json-provider-2.1.1.jar:/Users/whitney/.m2/repository/com/fasterxml/jackson/module/jackson-module-jaxb-annotations/2.1.1/jackson-module-jaxb-annotations-2.1.1.jar:/Users/whitney/.m2/repository/com/fasterxml/jackson/dataformat/jackson-dataformat-yaml/2.1.1/jackson-dataformat-yaml-2.1.1.jar:/Users/whitney/.m2/repository/com/fasterxml/jackson/datatype/jackson-datatype-guava/2.1.1/jackson-datatype-guava-2.1.1.jar:/Users/whitney/.m2/repository/net/sourceforge/argparse4j/argparse4j/0.2.2/argparse4j-0.2.2.jar:/Users/whitney/.m2/repository/org/slf4j/slf4j-api/1.7.2/slf4j-api-1.7.2.jar:/Users/whitney/.m2/repository/org/slf4j/jul-to-slf4j/1.7.2/jul-to-slf4j-1.7.2.jar:/Users/whitney/.m2/repository/ch/qos/logback/logback-core/1.0.7/logback-core-1.0.7.jar:/Users/whitney/.m2/repository/ch/qos/logback/logback-classic/1.0.7/logback-classic-1.0.7.jar:/Users/whitney/.m2/repository/org/slf4j/log4j-over-slf4j/1.7.2/log4j-over-slf4j-1.7.2.jar:/Users/whitney/.m2/repository/org/eclipse/jetty/jetty-server/8.1.8.v20121106/jetty-server-8.1.8.v20121106.jar:/Users/whitney/.m2/repository/org/eclipse/jetty/orbit/javax.servlet/3.0.0.v201112011016/javax.servlet-3.0.0.v201112011016.jar:/Users/whitney/.m2/repository/org/eclipse/jetty/jetty-continuation/8.1.8.v20121106/jetty-continuation-8.1.8.v20121106.jar:/Users/whitney/.m2/repository/org/eclipse/jetty/jetty-servlet/8.1.8.v20121106/jetty-servlet-8.1.8.v20121106.jar:/Users/whitney/.m2/repository/org/eclipse/jetty/jetty-security/8.1.8.v20121106/jetty-security-8.1.8.v20121106.jar:/Users/whitney/.m2/repository/org/eclipse/jetty/jetty-http/8.1.8.v20121106/jetty-http-8.1.8.v20121106.jar:/Users/whitney/.m2/repository/org/eclipse/jetty/jetty-io/8.1.8.v20121106/jetty-io-8.1.8.v20121106.jar:/Users/whitney/.m2/repository/org/eclipse/jetty/jetty-util/8.1.8.v20121106/jetty-util-8.1.8.v20121106.jar:/Users/whitney/.m2/repository/com/google/guava/guava/13.0.1/guava-13.0.1.jar:/Users/whitney/.m2/repository/com/google/code/findbugs/jsr305/2.0.1/jsr305-2.0.1.jar:/Users/whitney/.m2/repository/org/hibernate/hibernate-validator/4.3.0.Final/hibernate-validator-4.3.0.Final.jar:/Users/whitney/.m2/repository/javax/validation/validation-api/1.0.0.GA/validation-api-1.0.0.GA.jar:/Users/whitney/.m2/repository/org/jboss/logging/jboss-logging/3.1.0.CR2/jboss-logging-3.1.0.CR2.jar:/Users/whitney/.m2/repository/joda-time/joda-time/2.1/joda-time-2.1.jar:/Users/whitney/.m2/repository/com/fasterxml/jackson/datatype/jackson-datatype-joda/2.1.1/jackson-datatype-joda-2.1.1.jar:/Users/whitney/.m2/repository/org/mongodb/mongo-java-driver/2.9.1/mongo-java-driver-2.9.1.jar:"/>
    <property name="java.vm.specification.version" value="1.7"/>
    <property name="sun.arch.data.model" value="64"/>
    <property name="java.home" value="/Library/Java/JavaVirtualMachines/jdk1.7.0_09.jdk/Contents/Home/jre"/>
    <property name="sun.java.command" value="/Users/whitney/src/days/target/surefire/surefirebooter4653037211110238481.jar /Users/whitney/src/days/target/surefire/surefire4174996806029042768tmp /Users/whitney/src/days/target/surefire/surefire1289885632431318909tmp"/>
    <property name="java.specification.vendor" value="Oracle Corporation"/>
    <property name="user.language" value="en"/>
    <property name="awt.toolkit" value="sun.lwawt.macosx.LWCToolkit"/>
    <property name="java.vm.info" value="mixed mode"/>
    <property name="java.version" value="1.7.0_09"/>
    <property name="java.ext.dirs" value="/Users/whitney/Library/Java/Extensions:/Library/Java/JavaVirtualMachines/jdk1.7.0_09.jdk/Contents/Home/jre/lib/ext:/Library/Java/Extensions:/Network/Library/Java/Extensions:/System/Library/Java/Extensions:/usr/lib/java"/>
    <property name="sun.boot.class.path" value="/Library/Java/JavaVirtualMachines/jdk1.7.0_09.jdk/Contents/Home/jre/lib/resources.jar:/Library/Java/JavaVirtualMachines/jdk1.7.0_09.jdk/Contents/Home/jre/lib/rt.jar:/Library/Java/JavaVirtualMachines/jdk1.7.0_09.jdk/Contents/Home/jre/lib/sunrsasign.jar:/Library/Java/JavaVirtualMachines/jdk1.7.0_09.jdk/Contents/Home/jre/lib/jsse.jar:/Library/Java/JavaVirtualMachines/jdk1.7.0_09.jdk/Contents/Home/jre/lib/jce.jar:/Library/Java/JavaVirtualMachines/jdk1.7.0_09.jdk/Contents/Home/jre/lib/charsets.jar:/Library/Java/JavaVirtualMachines/jdk1.7.0_09.jdk/Contents/Home/jre/lib/jfr.jar:/Library/Java/JavaVirtualMachines/jdk1.7.0_09.jdk/Contents/Home/jre/lib/JObjC.jar:/Library/Java/JavaVirtualMachines/jdk1.7.0_09.jdk/Contents/Home/jre/classes"/>
    <property name="java.vendor" value="Oracle Corporation"/>
    <property name="localRepository" value="/Users/whitney/.m2/repository"/>
    <property name="file.separator" value="/"/>
    <property name="java.vendor.url.bug" value="http://bugreport.sun.com/bugreport/"/>
    <property name="sun.cpu.endian" value="little"/>
    <property name="sun.io.unicode.encoding" value="UnicodeBig"/>
    <property name="socksNonProxyHosts" value="local|*.local|169.254/16|*.169.254/16"/>
    <property name="ftp.nonProxyHosts" value="local|*.local|169.254/16|*.169.254/16"/>
    <property name="sun.cpu.isalist" value=""/>
  </properties>
  <testcase time="0.001" classname="com.wzllr.days.AppTest" name="testApp"/>
</testsuite>